<?xml version="1.0" encoding="UTF-8"?>
<!-- Generated by org.testng.reporters.JUnitXMLReporter -->
<testsuite ignored="0" hostname="DESKTOP-4JOONED" failures="0" tests="5" name="Default test" time="36.565" errors="0" timestamp="2022-10-02T12:06:58 BDT">
  <testcase classname="tests.OrderBook" name="ClickOnBangla" time="7.535"/>
  <testcase classname="tests.OrderBook" name="hoverOnBangla" time="5.193"/>
  <testcase classname="tests.OrderBook" name="clickOnUpponash" time="6.34"/>
  <testcase classname="tests.OrderBook" name="selectNextPage" time="5.21"/>
  <testcase classname="tests.OrderBook" name="addToCart" time="5.142"/>
</testsuite> <!-- Default test -->
