<?xml version="1.0" encoding="UTF-8"?>
<!-- Generated by org.testng.reporters.JUnitXMLReporter -->
<testsuite ignored="2" hostname="DESKTOP-4JOONED" failures="0" tests="18" name="Test" time="74.029" errors="0" timestamp="2022-10-07T00:22:21 BDT">
  <testcase classname="tests.OrderBook" name="hoverOnBangla" time="4.385"/>
  <testcase classname="tests.OrderBook" name="clickOnUpponash" time="4.211"/>
  <testcase classname="tests.OrderBook" name="selectNextPage" time="4.767"/>
  <testcase classname="tests.OrderBook" name="addToCart" time="21.542"/>
  <testcase classname="tests.OrderBook" name="hoverOnCartIcon" time="5.522"/>
  <testcase classname="tests.OrderBook" name="clickOnCheckOut" time="5.976"/>
  <testcase classname="tests.ProvideBellingDetails" name="fillDiscountCode" time="0.206"/>
  <testcase classname="tests.ProvideBellingDetails" name="fillName" time="0.184"/>
  <testcase classname="tests.ProvideBellingDetails" name="fillLastName" time="0.149"/>
  <testcase classname="tests.ProvideBellingDetails" name="clickOnCountry" time="0.153"/>
  <testcase classname="tests.ProvideBellingDetails" name="selectCountry" time="0.166"/>
  <testcase classname="tests.ProvideBellingDetails" name="fillAddress" time="0.255"/>
  <testcase classname="tests.ProvideBellingDetails" name="fillAddress2" time="0.191"/>
  <testcase classname="tests.ProvideBellingDetails" name="fillPostcode" time="0.161"/>
  <testcase classname="tests.ProvideBellingDetails" name="fillPhoneNumber" time="0.204"/>
  <testcase classname="tests.ProvideBellingDetails" name="fillEmail" time="0.173"/>
  <testcase classname="tests.ProvideBellingDetails" name="fillOrderNotes" time="7.262"/>
  <testcase classname="tests.ProvideBellingDetails" name="clickOnCheckBox" time="4.34"/>
  <testcase classname="drivers.BaseDriver" name="@BeforeSuite start" time="0.0">
    <ignored/>
  </testcase> <!-- @BeforeSuite start -->
  <testcase classname="drivers.BaseDriver" name="@AfterSuite close" time="0.0">
    <ignored/>
  </testcase> <!-- @AfterSuite close -->
</testsuite> <!-- Test -->
